c:\users\uband\desktop\proyecto2_estructurasdatos\proyecto2_ed\x64\debug\proyecto2_ed.pch
c:\users\uband\desktop\proyecto2_estructurasdatos\proyecto2_ed\x64\debug\vc143.pdb
c:\users\uband\desktop\proyecto2_estructurasdatos\proyecto2_ed\x64\debug\pch.obj
c:\users\uband\desktop\proyecto2_estructurasdatos\proyecto2_ed\x64\debug\form1.obj
c:\users\uband\desktop\proyecto2_estructurasdatos\proyecto2_ed\x64\debug\configuracion.obj
c:\users\uband\desktop\proyecto2_estructurasdatos\proyecto2_ed\x64\debug\assemblyinfo.obj
c:\users\uband\desktop\proyecto2_estructurasdatos\proyecto2_ed\x64\debug\areajuego.obj
c:\users\uband\desktop\proyecto2_estructurasdatos\proyecto2_ed\x64\debug\.netframework,version=v4.7.2.assemblyattributes.obj
c:\users\uband\desktop\proyecto2_estructurasdatos\proyecto2_ed\x64\debug\mercado.obj
c:\users\uband\desktop\proyecto2_estructurasdatos\proyecto2_ed\x64\debug\cppclr_winformsproject.obj
c:\users\uband\desktop\proyecto2_estructurasdatos\x64\debug\proyecto2_ed.exe
c:\users\uband\desktop\proyecto2_estructurasdatos\x64\debug\proyecto2_ed.pdb
c:\users\uband\desktop\proyecto2_estructurasdatos\proyecto2_ed\x64\debug\app.res
c:\users\uband\desktop\proyecto2_estructurasdatos\proyecto2_ed\x64\debug\proyecto2_ed.tlog\cl.command.1.tlog
c:\users\uband\desktop\proyecto2_estructurasdatos\proyecto2_ed\x64\debug\proyecto2_ed.tlog\cl.read.1.tlog
c:\users\uband\desktop\proyecto2_estructurasdatos\proyecto2_ed\x64\debug\proyecto2_ed.tlog\cl.write.1.tlog
c:\users\uband\desktop\proyecto2_estructurasdatos\proyecto2_ed\x64\debug\proyecto2_ed.tlog\link.command.1.tlog
c:\users\uband\desktop\proyecto2_estructurasdatos\proyecto2_ed\x64\debug\proyecto2_ed.tlog\link.read.1.tlog
c:\users\uband\desktop\proyecto2_estructurasdatos\proyecto2_ed\x64\debug\proyecto2_ed.tlog\link.write.1.tlog
c:\users\uband\desktop\proyecto2_estructurasdatos\proyecto2_ed\x64\debug\proyecto2_ed.tlog\metagen.read.1.tlog
c:\users\uband\desktop\proyecto2_estructurasdatos\proyecto2_ed\x64\debug\proyecto2_ed.tlog\metagen.write.1.tlog
c:\users\uband\desktop\proyecto2_estructurasdatos\proyecto2_ed\x64\debug\proyecto2_ed.tlog\rc.command.1.tlog
c:\users\uband\desktop\proyecto2_estructurasdatos\proyecto2_ed\x64\debug\proyecto2_ed.tlog\rc.read.1.tlog
c:\users\uband\desktop\proyecto2_estructurasdatos\proyecto2_ed\x64\debug\proyecto2_ed.tlog\rc.write.1.tlog
c:\users\uband\desktop\proyecto2_estructurasdatos\proyecto2_ed\x64\debug\proyecto2_ed.tlog\resgen.command.1.tlog
c:\users\uband\desktop\proyecto2_estructurasdatos\proyecto2_ed\x64\debug\proyecto2_ed.tlog\resgen.read.1.tlog
c:\users\uband\desktop\proyecto2_estructurasdatos\proyecto2_ed\x64\debug\proyecto2_ed.tlog\resgen.write.1.tlog
